<?xml version="1.0" encoding="UTF-8"?>
<!-- Generated by org.testng.reporters.JUnitXMLReporter -->
<testsuite ignored="0" hostname="Anushka" failures="0" tests="6" name="Test" time="312.82" errors="0" timestamp="2026-03-08T15:25:54 IST">
  <testcase classname="testcases.TC_04_InvalidSearch" name="verifyInvalidProductSearch" time="26.147"/>
  <testcase classname="testcases.TC_03_UppercaseSearch" name="verifySearchWithUppercase" time="4.42"/>
  <testcase classname="testcases.TC_01_SearchProductTest" name="verifyValidProductSearch" time="9.169"/>
  <testcase classname="testcases.TC_06_EmptySearch" name="verifyEmptySearch" time="0.376"/>
  <testcase classname="testcases.TC_05_InvalidProductSearch" name="verifyInvalidProductSearch" time="22.11"/>
  <testcase classname="testcases.TC_02_PartialSearch" name="verifySearchWithPartialKeyword" time="10.348"/>
</testsuite> <!-- Test -->
