<?xml version="1.0" encoding="UTF-8"?>
<testng-results ignored="0" total="6" passed="6" failed="0" skipped="0">
  <reporter-output>
  </reporter-output>
  <suite started-at="2026-03-08T15:20:41 IST" name="Suite" finished-at="2026-03-08T15:25:54 IST" duration-ms="312820">
    <groups>
    </groups>
    <test started-at="2026-03-08T15:20:41 IST" name="Test" finished-at="2026-03-08T15:25:54 IST" duration-ms="312820">
      <class name="testcases.TC_05_InvalidProductSearch">
        <test-method is-config="true" signature="setup()[pri:0, instance:testcases.TC_05_InvalidProductSearch@10683d9d]" started-at="2026-03-08T15:23:59 IST" name="setup" finished-at="2026-03-08T15:24:35 IST" duration-ms="36605" status="PASS">
          <reporter-output>
          </reporter-output>
        </test-method> <!-- setup -->
        <test-method signature="verifyInvalidProductSearch()[pri:0, instance:testcases.TC_05_InvalidProductSearch@10683d9d]" started-at="2026-03-08T15:24:35 IST" name="verifyInvalidProductSearch" description="Verify search with non-existing product name" finished-at="2026-03-08T15:24:57 IST" duration-ms="22110" status="PASS">
          <reporter-output>
          </reporter-output>
        </test-method> <!-- verifyInvalidProductSearch -->
        <test-method is-config="true" signature="tearDown()[pri:0, instance:testcases.TC_05_InvalidProductSearch@10683d9d]" started-at="2026-03-08T15:24:57 IST" name="tearDown" finished-at="2026-03-08T15:24:58 IST" duration-ms="436" status="PASS">
          <reporter-output>
          </reporter-output>
        </test-method> <!-- tearDown -->
      </class> <!-- testcases.TC_05_InvalidProductSearch -->
      <class name="testcases.TC_03_UppercaseSearch">
        <test-method is-config="true" signature="setup()[pri:0, instance:testcases.TC_03_UppercaseSearch@6a78afa0]" started-at="2026-03-08T15:22:00 IST" name="setup" finished-at="2026-03-08T15:22:48 IST" duration-ms="48136" status="PASS">
          <reporter-output>
          </reporter-output>
        </test-method> <!-- setup -->
        <test-method signature="verifySearchWithUppercase()[pri:0, instance:testcases.TC_03_UppercaseSearch@6a78afa0]" started-at="2026-03-08T15:22:48 IST" name="verifySearchWithUppercase" description="Verify that search works with uppercase product name" finished-at="2026-03-08T15:22:52 IST" duration-ms="4420" status="PASS">
          <reporter-output>
          </reporter-output>
        </test-method> <!-- verifySearchWithUppercase -->
        <test-method is-config="true" signature="tearDown()[pri:0, instance:testcases.TC_03_UppercaseSearch@6a78afa0]" started-at="2026-03-08T15:22:52 IST" name="tearDown" finished-at="2026-03-08T15:22:53 IST" duration-ms="435" status="PASS">
          <reporter-output>
          </reporter-output>
        </test-method> <!-- tearDown -->
      </class> <!-- testcases.TC_03_UppercaseSearch -->
      <class name="testcases.TC_06_EmptySearch">
        <test-method is-config="true" signature="setup()[pri:0, instance:testcases.TC_06_EmptySearch@1f2586d6]" started-at="2026-03-08T15:23:30 IST" name="setup" finished-at="2026-03-08T15:23:58 IST" duration-ms="27546" status="PASS">
          <reporter-output>
          </reporter-output>
        </test-method> <!-- setup -->
        <test-method signature="verifyEmptySearch()[pri:0, instance:testcases.TC_06_EmptySearch@1f2586d6]" started-at="2026-03-08T15:23:58 IST" name="verifyEmptySearch" description="Verify behavior when search is performed with empty input" finished-at="2026-03-08T15:23:58 IST" duration-ms="376" status="PASS">
          <reporter-output>
          </reporter-output>
        </test-method> <!-- verifyEmptySearch -->
        <test-method is-config="true" signature="tearDown()[pri:0, instance:testcases.TC_06_EmptySearch@1f2586d6]" started-at="2026-03-08T15:23:58 IST" name="tearDown" finished-at="2026-03-08T15:23:59 IST" duration-ms="550" status="PASS">
          <reporter-output>
          </reporter-output>
        </test-method> <!-- tearDown -->
      </class> <!-- testcases.TC_06_EmptySearch -->
      <class name="testcases.TC_01_SearchProductTest">
        <test-method is-config="true" signature="setup()[pri:0, instance:testcases.TC_01_SearchProductTest@2f4948e4]" started-at="2026-03-08T15:22:53 IST" name="setup" finished-at="2026-03-08T15:23:21 IST" duration-ms="27920" status="PASS">
          <reporter-output>
          </reporter-output>
        </test-method> <!-- setup -->
        <test-method signature="verifyValidProductSearch()[pri:0, instance:testcases.TC_01_SearchProductTest@2f4948e4]" started-at="2026-03-08T15:23:21 IST" name="verifyValidProductSearch" description="Verify that user is able to search Women Sneakers on Myntra" finished-at="2026-03-08T15:23:30 IST" duration-ms="9169" status="PASS">
          <reporter-output>
          </reporter-output>
        </test-method> <!-- verifyValidProductSearch -->
        <test-method is-config="true" signature="tearDown()[pri:0, instance:testcases.TC_01_SearchProductTest@2f4948e4]" started-at="2026-03-08T15:23:30 IST" name="tearDown" finished-at="2026-03-08T15:23:30 IST" duration-ms="291" status="PASS">
          <reporter-output>
          </reporter-output>
        </test-method> <!-- tearDown -->
      </class> <!-- testcases.TC_01_SearchProductTest -->
      <class name="testcases.TC_04_InvalidSearch">
        <test-method is-config="true" signature="setup()[pri:0, instance:testcases.TC_04_InvalidSearch@5542c4ed]" started-at="2026-03-08T15:20:41 IST" name="setup" finished-at="2026-03-08T15:21:33 IST" duration-ms="51645" status="PASS">
          <reporter-output>
          </reporter-output>
        </test-method> <!-- setup -->
        <test-method signature="verifyInvalidProductSearch()[pri:0, instance:testcases.TC_04_InvalidSearch@5542c4ed]" started-at="2026-03-08T15:21:33 IST" name="verifyInvalidProductSearch" description="Verify search with invalid product name containing special characters" finished-at="2026-03-08T15:21:59 IST" duration-ms="26147" status="PASS">
          <reporter-output>
          </reporter-output>
        </test-method> <!-- verifyInvalidProductSearch -->
        <test-method is-config="true" signature="tearDown()[pri:0, instance:testcases.TC_04_InvalidSearch@5542c4ed]" started-at="2026-03-08T15:21:59 IST" name="tearDown" finished-at="2026-03-08T15:22:00 IST" duration-ms="430" status="PASS">
          <reporter-output>
          </reporter-output>
        </test-method> <!-- tearDown -->
      </class> <!-- testcases.TC_04_InvalidSearch -->
      <class name="testcases.TC_02_PartialSearch">
        <test-method is-config="true" signature="setup()[pri:0, instance:testcases.TC_02_PartialSearch@3fc2959f]" started-at="2026-03-08T15:24:58 IST" name="setup" finished-at="2026-03-08T15:25:43 IST" duration-ms="45742" status="PASS">
          <reporter-output>
          </reporter-output>
        </test-method> <!-- setup -->
        <test-method signature="verifySearchWithPartialKeyword()[pri:0, instance:testcases.TC_02_PartialSearch@3fc2959f]" started-at="2026-03-08T15:25:43 IST" name="verifySearchWithPartialKeyword" description="Verify that user can search product using partial keyword" finished-at="2026-03-08T15:25:54 IST" duration-ms="10348" status="PASS">
          <reporter-output>
          </reporter-output>
        </test-method> <!-- verifySearchWithPartialKeyword -->
        <test-method is-config="true" signature="tearDown()[pri:0, instance:testcases.TC_02_PartialSearch@3fc2959f]" started-at="2026-03-08T15:25:54 IST" name="tearDown" finished-at="2026-03-08T15:25:54 IST" duration-ms="431" status="PASS">
          <reporter-output>
          </reporter-output>
        </test-method> <!-- tearDown -->
      </class> <!-- testcases.TC_02_PartialSearch -->
    </test> <!-- Test -->
  </suite> <!-- Suite -->
</testng-results>
